INFO: [VRFC 10-2263] Analyzing Verilog file "C:/Users/ethan/YODA_R2D2/YODA_R2D2.srcs/sources_1/new/node.v" into library xil_defaultlib
INFO: [VRFC 10-311] analyzing module node
INFO: [VRFC 10-2263] Analyzing Verilog file "C:/Users/ethan/YODA_R2D2/YODA_R2D2.srcs/sources_1/new/routereflector.v" into library xil_defaultlib
INFO: [VRFC 10-311] analyzing module routereflector
INFO: [VRFC 10-2263] Analyzing Verilog file "C:/Users/ethan/YODA_R2D2/YODA_R2D2.srcs/sources_1/new/main.v" into library xil_defaultlib
INFO: [VRFC 10-311] analyzing module main
INFO: [VRFC 10-2458] undeclared symbol inA, assumed default net type wire [C:/Users/ethan/YODA_R2D2/YODA_R2D2.srcs/sources_1/new/main.v:56]
INFO: [VRFC 10-2458] undeclared symbol inB, assumed default net type wire [C:/Users/ethan/YODA_R2D2/YODA_R2D2.srcs/sources_1/new/main.v:56]
INFO: [VRFC 10-2458] undeclared symbol inC, assumed default net type wire [C:/Users/ethan/YODA_R2D2/YODA_R2D2.srcs/sources_1/new/main.v:56]
INFO: [VRFC 10-2458] undeclared symbol inD, assumed default net type wire [C:/Users/ethan/YODA_R2D2/YODA_R2D2.srcs/sources_1/new/main.v:56]
INFO: [VRFC 10-2458] undeclared symbol inE, assumed default net type wire [C:/Users/ethan/YODA_R2D2/YODA_R2D2.srcs/sources_1/new/main.v:56]
INFO: [VRFC 10-2458] undeclared symbol delA, assumed default net type wire [C:/Users/ethan/YODA_R2D2/YODA_R2D2.srcs/sources_1/new/main.v:57]
INFO: [VRFC 10-2458] undeclared symbol delB, assumed default net type wire [C:/Users/ethan/YODA_R2D2/YODA_R2D2.srcs/sources_1/new/main.v:57]
INFO: [VRFC 10-2458] undeclared symbol delC, assumed default net type wire [C:/Users/ethan/YODA_R2D2/YODA_R2D2.srcs/sources_1/new/main.v:57]
INFO: [VRFC 10-2458] undeclared symbol delD, assumed default net type wire [C:/Users/ethan/YODA_R2D2/YODA_R2D2.srcs/sources_1/new/main.v:57]
INFO: [VRFC 10-2458] undeclared symbol delE, assumed default net type wire [C:/Users/ethan/YODA_R2D2/YODA_R2D2.srcs/sources_1/new/main.v:57]
INFO: [VRFC 10-2458] undeclared symbol pStatus, assumed default net type wire [C:/Users/ethan/YODA_R2D2/YODA_R2D2.srcs/sources_1/new/main.v:58]
INFO: [VRFC 10-2458] undeclared symbol outA, assumed default net type wire [C:/Users/ethan/YODA_R2D2/YODA_R2D2.srcs/sources_1/new/main.v:59]
INFO: [VRFC 10-2458] undeclared symbol outB, assumed default net type wire [C:/Users/ethan/YODA_R2D2/YODA_R2D2.srcs/sources_1/new/main.v:59]
INFO: [VRFC 10-2458] undeclared symbol outC, assumed default net type wire [C:/Users/ethan/YODA_R2D2/YODA_R2D2.srcs/sources_1/new/main.v:59]
INFO: [VRFC 10-2458] undeclared symbol outD, assumed default net type wire [C:/Users/ethan/YODA_R2D2/YODA_R2D2.srcs/sources_1/new/main.v:59]
INFO: [VRFC 10-2458] undeclared symbol outE, assumed default net type wire [C:/Users/ethan/YODA_R2D2/YODA_R2D2.srcs/sources_1/new/main.v:59]
INFO: [VRFC 10-2458] undeclared symbol delAB, assumed default net type wire [C:/Users/ethan/YODA_R2D2/YODA_R2D2.srcs/sources_1/new/main.v:63]
INFO: [VRFC 10-2458] undeclared symbol NoutB, assumed default net type wire [C:/Users/ethan/YODA_R2D2/YODA_R2D2.srcs/sources_1/new/main.v:63]
INFO: [VRFC 10-2458] undeclared symbol NinB, assumed default net type wire [C:/Users/ethan/YODA_R2D2/YODA_R2D2.srcs/sources_1/new/main.v:66]
INFO: [VRFC 10-2458] undeclared symbol NoutA, assumed default net type wire [C:/Users/ethan/YODA_R2D2/YODA_R2D2.srcs/sources_1/new/main.v:70]
INFO: [VRFC 10-2458] undeclared symbol NinA, assumed default net type wire [C:/Users/ethan/YODA_R2D2/YODA_R2D2.srcs/sources_1/new/main.v:73]
INFO: [VRFC 10-2458] undeclared symbol delCD, assumed default net type wire [C:/Users/ethan/YODA_R2D2/YODA_R2D2.srcs/sources_1/new/main.v:77]
INFO: [VRFC 10-2458] undeclared symbol NoutD, assumed default net type wire [C:/Users/ethan/YODA_R2D2/YODA_R2D2.srcs/sources_1/new/main.v:77]
INFO: [VRFC 10-2458] undeclared symbol NinD, assumed default net type wire [C:/Users/ethan/YODA_R2D2/YODA_R2D2.srcs/sources_1/new/main.v:80]
INFO: [VRFC 10-2458] undeclared symbol NoutC, assumed default net type wire [C:/Users/ethan/YODA_R2D2/YODA_R2D2.srcs/sources_1/new/main.v:84]
INFO: [VRFC 10-2458] undeclared symbol NinC, assumed default net type wire [C:/Users/ethan/YODA_R2D2/YODA_R2D2.srcs/sources_1/new/main.v:87]
INFO: [VRFC 10-2458] undeclared symbol delZero, assumed default net type wire [C:/Users/ethan/YODA_R2D2/YODA_R2D2.srcs/sources_1/new/main.v:91]
INFO: [VRFC 10-2263] Analyzing Verilog file "C:/Users/ethan/YODA_R2D2/YODA_R2D2.sim/sim_1/behav/xsim/glbl.v" into library xil_defaultlib
INFO: [VRFC 10-311] analyzing module glbl
